<?xml version="1.0" encoding="UTF-8"?>
<!-- Generated by org.testng.reporters.JUnitReportReporter -->
<testsuite hostname="Thirosh" failures="0" tests="1" name="t_pack.TestTwo" time="0.002" errors="0" timestamp="2024-02-18T03:23:08 IST" skipped="0">
  <testcase classname="t_pack.TestTwo" name="testTwo" time="0.002"/>
</testsuite> <!-- t_pack.TestTwo -->
