<?xml version="1.0" encoding="UTF-8"?>
<!-- Generated by org.testng.reporters.JUnitReportReporter -->
<testsuite hostname="Thirosh" failures="0" tests="1" name="t_pack.TestOne" time="0.008" errors="0" timestamp="2024-02-18T03:23:08 IST" skipped="0">
  <testcase classname="t_pack.TestOne" name="testOne" time="0.008"/>
</testsuite> <!-- t_pack.TestOne -->
