<?xml version="1.0" encoding="UTF-8"?>
<!-- Generated by org.testng.reporters.JUnitReportReporter -->
<testsuite hostname="Thirosh" failures="0" tests="1" name="k_pack.TestSeven" time="0.001" errors="0" timestamp="2024-02-18T03:23:08 IST" skipped="0">
  <testcase classname="k_pack.TestSeven" name="testSeven" time="0.001"/>
</testsuite> <!-- k_pack.TestSeven -->
